Arguments: 
  C:\Program Files\nodejs\node.exe C:\Users\ut846\AppData\Roaming\npm\node_modules\yarn\bin\yarn.js add react

PATH: 
  C:\Program Files (x86)\NVIDIA Corporation\PhysX\Common;C:\Windows\system32;C:\Windows;C:\Windows\System32\Wbem;C:\Windows\System32\WindowsPowerShell\v1.0\;C:\Windows\System32\OpenSSH\;C:\Program Files\Microsoft SQL Server\Client SDK\ODBC\170\Tools\Binn\;C:\Program Files (x86)\Microsoft SQL Server\150\DTS\Binn\;C:\Program Files\Azure Data Studio\bin;C:\Program Files\Git\cmd;C:\Program Files (x86)\Common Files\Softimage;C:\Program Files\Common Files\Softimage;C:\Program Files\dotnet\;C:\Program Files (x86)\Microsoft SQL Server\110\DTS\Binn\;C:\Program Files (x86)\Microsoft SQL Server\120\DTS\Binn\;C:\Program Files (x86)\Microsoft SQL Server\130\DTS\Binn\;C:\Program Files (x86)\Microsoft SQL Server\140\DTS\Binn\;C:\Program Files\WireGuard\;C:\Program Files\Microsoft SQL Server\150\Tools\Binn\;C:\Program Files\nodejs\;C:\Users\ut846\AppData\Local\Programs\Python\Python310\Scripts\;C:\Users\ut846\AppData\Local\Programs\Python\Python310\;C:\Users\ut846\AppData\Local\Microsoft\WindowsApps;C:\Users\ut846\AppData\Local\Programs\Microsoft VS Code\bin;C:\Users\ut846\.dotnet\tools;C:\Program Files\Azure Data Studio\bin;C:\Users\ut846\.dotnet\tools;C:\Users\ut846\.dotnet\tools;C:\Users\ut846\AppData\Roaming\npm

Yarn version: 
  1.22.17

Node version: 
  16.17.0

Platform: 
  win32 x64

Trace: 
  Error: https://registry.yarnpkg.com/@testing-library%2fjest-dom: tunneling socket could not be established, cause=connect ETIMEDOUT 192.168.1.23:3128
      at ClientRequest.onError (C:\Users\ut846\AppData\Roaming\npm\node_modules\yarn\lib\cli.js:152369:17)
      at Object.onceWrapper (node:events:628:26)
      at ClientRequest.emit (node:events:513:28)
      at Socket.socketErrorListener (node:_http_client:481:9)
      at Socket.emit (node:events:513:28)
      at emitErrorNT (node:internal/streams/destroy:157:8)
      at emitErrorCloseNT (node:internal/streams/destroy:122:3)
      at processTicksAndRejections (node:internal/process/task_queues:83:21)

npm manifest: 
  {
    "name": "react-burger",
    "version": "0.1.0",
    "private": true,
    "dependencies": {
      "@testing-library/jest-dom": "^5.16.5",
      "@testing-library/react": "^13.3.0",
      "@testing-library/user-event": "^13.5.0",
      "@types/jest": "^27.5.2",
      "@types/node": "^16.11.49",
      "@types/react": "^17.0.48",
      "@types/react-dom": "^18.0.6",
      "react": "^18.2.0",
      "react-dnd": "^16.0.1",
      "react-dnd-html5-backend": "^16.0.1",
      "react-dom": "^18.2.0",
      "react-scripts": "^5.0.1",
      "typescript": "^4.7.4",
      "web-vitals": "^2.1.4"
    },
    "scripts": {
      "start": "react-scripts start",
      "build": "react-scripts build",
      "test": "react-scripts test",
      "eject": "react-scripts eject"
    },
    "eslintConfig": {
      "extends": [
        "react-app",
        "react-app/jest"
      ]
    },
    "browserslist": {
      "production": [
        ">0.2%",
        "not dead",
        "not op_mini all"
      ],
      "development": [
        "last 1 chrome version",
        "last 1 firefox version",
        "last 1 safari version"
      ]
    }
  }

yarn manifest: 
  No manifest

Lockfile: 
  No lockfile
